::1 - - [23/Sep/2020:19:56:26 +0000] "GET /users/profile/ HTTP/1.1" 304 - "http://localhost:8000/" "Mozilla/5.0 (Macintosh; Intel Mac OS X 10_15_5) AppleWebKit/537.36 (KHTML, like Gecko) Chrome/85.0.4183.121 Safari/537.36"
::1 - - [23/Sep/2020:19:56:27 +0000] "GET /favicon.ico HTTP/1.1" 200 2126 "http://localhost:8000/users/profile/" "Mozilla/5.0 (Macintosh; Intel Mac OS X 10_15_5) AppleWebKit/537.36 (KHTML, like Gecko) Chrome/85.0.4183.121 Safari/537.36"
::1 - - [23/Sep/2020:19:56:32 +0000] "GET /users/profile/ HTTP/1.1" 304 - "http://localhost:8000/" "Mozilla/5.0 (Macintosh; Intel Mac OS X 10_15_5) AppleWebKit/537.36 (KHTML, like Gecko) Chrome/85.0.4183.121 Safari/537.36"
::1 - - [23/Sep/2020:19:56:34 +0000] "GET /favicon.ico HTTP/1.1" 200 2126 "http://localhost:8000/users/profile/" "Mozilla/5.0 (Macintosh; Intel Mac OS X 10_15_5) AppleWebKit/537.36 (KHTML, like Gecko) Chrome/85.0.4183.121 Safari/537.36"
::1 - - [23/Sep/2020:19:56:37 +0000] "GET / HTTP/1.1" 304 - "http://localhost:8000/users/profile/" "Mozilla/5.0 (Macintosh; Intel Mac OS X 10_15_5) AppleWebKit/537.36 (KHTML, like Gecko) Chrome/85.0.4183.121 Safari/537.36"
::1 - - [23/Sep/2020:19:56:37 +0000] "GET /favicon.ico HTTP/1.1" 304 - "http://localhost:8000/" "Mozilla/5.0 (Macintosh; Intel Mac OS X 10_15_5) AppleWebKit/537.36 (KHTML, like Gecko) Chrome/85.0.4183.121 Safari/537.36"
::1 - - [23/Sep/2020:19:56:41 +0000] "GET /users/profile/ HTTP/1.1" 304 - "http://localhost:8000/" "Mozilla/5.0 (Macintosh; Intel Mac OS X 10_15_5) AppleWebKit/537.36 (KHTML, like Gecko) Chrome/85.0.4183.121 Safari/537.36"
::1 - - [23/Sep/2020:19:56:43 +0000] "GET /favicon.ico HTTP/1.1" 304 - "http://localhost:8000/users/profile/" "Mozilla/5.0 (Macintosh; Intel Mac OS X 10_15_5) AppleWebKit/537.36 (KHTML, like Gecko) Chrome/85.0.4183.121 Safari/537.36"
::1 - - [23/Sep/2020:19:57:00 +0000] "GET / HTTP/1.1" 304 - "http://localhost:8000/users/profile/" "Mozilla/5.0 (Macintosh; Intel Mac OS X 10_15_5) AppleWebKit/537.36 (KHTML, like Gecko) Chrome/85.0.4183.121 Safari/537.36"
::1 - - [23/Sep/2020:19:57:01 +0000] "GET /favicon.ico HTTP/1.1" 304 - "http://localhost:8000/" "Mozilla/5.0 (Macintosh; Intel Mac OS X 10_15_5) AppleWebKit/537.36 (KHTML, like Gecko) Chrome/85.0.4183.121 Safari/537.36"
::1 - - [23/Sep/2020:19:58:04 +0000] "GET / HTTP/1.1" 304 - "http://localhost:8000/users/profile/" "Mozilla/5.0 (Macintosh; Intel Mac OS X 10_15_5) AppleWebKit/537.36 (KHTML, like Gecko) Chrome/85.0.4183.121 Safari/537.36"
::1 - - [23/Sep/2020:19:58:05 +0000] "GET /favicon.ico HTTP/1.1" 200 2126 "http://localhost:8000/" "Mozilla/5.0 (Macintosh; Intel Mac OS X 10_15_5) AppleWebKit/537.36 (KHTML, like Gecko) Chrome/85.0.4183.121 Safari/537.36"
::1 - - [23/Sep/2020:19:58:12 +0000] "GET /users/profile/ HTTP/1.1" 304 - "http://localhost:8000/" "Mozilla/5.0 (Macintosh; Intel Mac OS X 10_15_5) AppleWebKit/537.36 (KHTML, like Gecko) Chrome/85.0.4183.121 Safari/537.36"
::1 - - [23/Sep/2020:19:58:13 +0000] "GET /favicon.ico HTTP/1.1" 304 - "http://localhost:8000/users/profile/" "Mozilla/5.0 (Macintosh; Intel Mac OS X 10_15_5) AppleWebKit/537.36 (KHTML, like Gecko) Chrome/85.0.4183.121 Safari/537.36"
::1 - - [23/Sep/2020:19:59:08 +0000] "GET /users/profile/ HTTP/1.1" 304 - "http://localhost:8000/" "Mozilla/5.0 (Macintosh; Intel Mac OS X 10_15_5) AppleWebKit/537.36 (KHTML, like Gecko) Chrome/85.0.4183.121 Safari/537.36"
::1 - - [23/Sep/2020:19:59:10 +0000] "GET /favicon.ico HTTP/1.1" 200 2126 "http://localhost:8000/users/profile/" "Mozilla/5.0 (Macintosh; Intel Mac OS X 10_15_5) AppleWebKit/537.36 (KHTML, like Gecko) Chrome/85.0.4183.121 Safari/537.36"
::1 - - [23/Sep/2020:20:02:28 +0000] "GET /users/profile/ HTTP/1.1" 304 - "http://localhost:8000/" "Mozilla/5.0 (Macintosh; Intel Mac OS X 10_15_5) AppleWebKit/537.36 (KHTML, like Gecko) Chrome/85.0.4183.121 Safari/537.36"
::1 - - [23/Sep/2020:20:02:29 +0000] "GET /favicon.ico HTTP/1.1" 200 2126 "http://localhost:8000/users/profile/" "Mozilla/5.0 (Macintosh; Intel Mac OS X 10_15_5) AppleWebKit/537.36 (KHTML, like Gecko) Chrome/85.0.4183.121 Safari/537.36"
::1 - - [23/Sep/2020:20:02:35 +0000] "GET /users/profile/ HTTP/1.1" 304 - "http://localhost:8000/" "Mozilla/5.0 (Macintosh; Intel Mac OS X 10_15_5) AppleWebKit/537.36 (KHTML, like Gecko) Chrome/85.0.4183.121 Safari/537.36"
::1 - - [23/Sep/2020:20:02:36 +0000] "GET /favicon.ico HTTP/1.1" 200 2126 "http://localhost:8000/users/profile/" "Mozilla/5.0 (Macintosh; Intel Mac OS X 10_15_5) AppleWebKit/537.36 (KHTML, like Gecko) Chrome/85.0.4183.121 Safari/537.36"
::1 - - [23/Sep/2020:20:46:08 +0000] "GET /users/profile/ HTTP/1.1" 304 - "http://localhost:8000/" "Mozilla/5.0 (Macintosh; Intel Mac OS X 10_15_5) AppleWebKit/537.36 (KHTML, like Gecko) Chrome/85.0.4183.121 Safari/537.36"
::1 - - [23/Sep/2020:20:46:10 +0000] "GET /css/users_profile.css HTTP/1.1" 200 2126 "http://localhost:8000/users/profile/" "Mozilla/5.0 (Macintosh; Intel Mac OS X 10_15_5) AppleWebKit/537.36 (KHTML, like Gecko) Chrome/85.0.4183.121 Safari/537.36"
::1 - - [23/Sep/2020:20:46:10 +0000] "GET /css/blog.css HTTP/1.1" 200 2126 "http://localhost:8000/users/profile/" "Mozilla/5.0 (Macintosh; Intel Mac OS X 10_15_5) AppleWebKit/537.36 (KHTML, like Gecko) Chrome/85.0.4183.121 Safari/537.36"
::1 - - [23/Sep/2020:20:46:10 +0000] "GET /css/header.css HTTP/1.1" 200 2126 "http://localhost:8000/users/profile/" "Mozilla/5.0 (Macintosh; Intel Mac OS X 10_15_5) AppleWebKit/537.36 (KHTML, like Gecko) Chrome/85.0.4183.121 Safari/537.36"
::1 - - [23/Sep/2020:20:46:10 +0000] "GET /css/layout.css HTTP/1.1" 200 2126 "http://localhost:8000/users/profile/" "Mozilla/5.0 (Macintosh; Intel Mac OS X 10_15_5) AppleWebKit/537.36 (KHTML, like Gecko) Chrome/85.0.4183.121 Safari/537.36"
::1 - - [23/Sep/2020:20:46:10 +0000] "GET /css/footer.css HTTP/1.1" 200 2126 "http://localhost:8000/users/profile/" "Mozilla/5.0 (Macintosh; Intel Mac OS X 10_15_5) AppleWebKit/537.36 (KHTML, like Gecko) Chrome/85.0.4183.121 Safari/537.36"
::1 - - [23/Sep/2020:20:46:11 +0000] "GET /favicon.ico HTTP/1.1" 200 2126 "http://localhost:8000/users/profile/" "Mozilla/5.0 (Macintosh; Intel Mac OS X 10_15_5) AppleWebKit/537.36 (KHTML, like Gecko) Chrome/85.0.4183.121 Safari/537.36"
::1 - - [23/Sep/2020:21:01:23 +0000] "GET /users/profile/ HTTP/1.1" 302 72 "http://localhost:8000/" "Mozilla/5.0 (Macintosh; Intel Mac OS X 10_15_5) AppleWebKit/537.36 (KHTML, like Gecko) Chrome/85.0.4183.121 Safari/537.36"
::1 - - [23/Sep/2020:21:01:24 +0000] "GET /users/sign-in HTTP/1.1" 500 148 "http://localhost:8000/" "Mozilla/5.0 (Macintosh; Intel Mac OS X 10_15_5) AppleWebKit/537.36 (KHTML, like Gecko) Chrome/85.0.4183.121 Safari/537.36"
::1 - - [23/Sep/2020:21:01:30 +0000] "GET /favicon.ico HTTP/1.1" 500 148 "http://localhost:8000/" "Mozilla/5.0 (Macintosh; Intel Mac OS X 10_15_5) AppleWebKit/537.36 (KHTML, like Gecko) Chrome/85.0.4183.121 Safari/537.36"
::1 - - [23/Sep/2020:21:01:31 +0000] "GET / HTTP/1.1" 500 148 "http://localhost:8000/users/profile/" "Mozilla/5.0 (Macintosh; Intel Mac OS X 10_15_5) AppleWebKit/537.36 (KHTML, like Gecko) Chrome/85.0.4183.121 Safari/537.36"
::1 - - [23/Sep/2020:21:01:38 +0000] "GET / HTTP/1.1" 500 148 "http://localhost:8000/users/profile/" "Mozilla/5.0 (Macintosh; Intel Mac OS X 10_15_5) AppleWebKit/537.36 (KHTML, like Gecko) Chrome/85.0.4183.121 Safari/537.36"
::1 - - [23/Sep/2020:21:02:09 +0000] "GET / HTTP/1.1" 500 148 "http://localhost:8000/users/profile/" "Mozilla/5.0 (Macintosh; Intel Mac OS X 10_15_5) AppleWebKit/537.36 (KHTML, like Gecko) Chrome/85.0.4183.121 Safari/537.36"
::1 - - [23/Sep/2020:21:05:35 +0000] "GET / HTTP/1.1" 500 148 "http://localhost:8000/users/profile/" "Mozilla/5.0 (Macintosh; Intel Mac OS X 10_15_5) AppleWebKit/537.36 (KHTML, like Gecko) Chrome/85.0.4183.121 Safari/537.36"
::1 - - [23/Sep/2020:21:08:13 +0000] "GET / HTTP/1.1" 200 1991 "http://localhost:8000/users/profile/" "Mozilla/5.0 (Macintosh; Intel Mac OS X 10_15_5) AppleWebKit/537.36 (KHTML, like Gecko) Chrome/85.0.4183.121 Safari/537.36"
::1 - - [23/Sep/2020:21:08:15 +0000] "GET /css/home.css HTTP/1.1" 200 1991 "http://localhost:8000/" "Mozilla/5.0 (Macintosh; Intel Mac OS X 10_15_5) AppleWebKit/537.36 (KHTML, like Gecko) Chrome/85.0.4183.121 Safari/537.36"
::1 - - [23/Sep/2020:21:08:15 +0000] "GET /css/blog.css HTTP/1.1" 200 1991 "http://localhost:8000/" "Mozilla/5.0 (Macintosh; Intel Mac OS X 10_15_5) AppleWebKit/537.36 (KHTML, like Gecko) Chrome/85.0.4183.121 Safari/537.36"
::1 - - [23/Sep/2020:21:08:16 +0000] "GET /favicon.ico HTTP/1.1" 200 1991 "http://localhost:8000/" "Mozilla/5.0 (Macintosh; Intel Mac OS X 10_15_5) AppleWebKit/537.36 (KHTML, like Gecko) Chrome/85.0.4183.121 Safari/537.36"
::1 - - [23/Sep/2020:21:08:48 +0000] "GET / HTTP/1.1" 304 - "http://localhost:8000/users/profile/" "Mozilla/5.0 (Macintosh; Intel Mac OS X 10_15_5) AppleWebKit/537.36 (KHTML, like Gecko) Chrome/85.0.4183.121 Safari/537.36"
::1 - - [23/Sep/2020:21:08:49 +0000] "GET /css/blog.css HTTP/1.1" 304 - "http://localhost:8000/" "Mozilla/5.0 (Macintosh; Intel Mac OS X 10_15_5) AppleWebKit/537.36 (KHTML, like Gecko) Chrome/85.0.4183.121 Safari/537.36"
::1 - - [23/Sep/2020:21:08:49 +0000] "GET /css/home.css HTTP/1.1" 304 - "http://localhost:8000/" "Mozilla/5.0 (Macintosh; Intel Mac OS X 10_15_5) AppleWebKit/537.36 (KHTML, like Gecko) Chrome/85.0.4183.121 Safari/537.36"
::1 - - [23/Sep/2020:21:08:50 +0000] "GET /favicon.ico HTTP/1.1" 200 1991 "http://localhost:8000/" "Mozilla/5.0 (Macintosh; Intel Mac OS X 10_15_5) AppleWebKit/537.36 (KHTML, like Gecko) Chrome/85.0.4183.121 Safari/537.36"
::1 - - [23/Sep/2020:21:08:54 +0000] "GET / HTTP/1.1" 304 - "http://localhost:8000/users/profile/" "Mozilla/5.0 (Macintosh; Intel Mac OS X 10_15_5) AppleWebKit/537.36 (KHTML, like Gecko) Chrome/85.0.4183.121 Safari/537.36"
::1 - - [23/Sep/2020:21:08:54 +0000] "GET /css/home.css HTTP/1.1" 304 - "http://localhost:8000/" "Mozilla/5.0 (Macintosh; Intel Mac OS X 10_15_5) AppleWebKit/537.36 (KHTML, like Gecko) Chrome/85.0.4183.121 Safari/537.36"
::1 - - [23/Sep/2020:21:08:55 +0000] "GET /css/blog.css HTTP/1.1" 304 - "http://localhost:8000/" "Mozilla/5.0 (Macintosh; Intel Mac OS X 10_15_5) AppleWebKit/537.36 (KHTML, like Gecko) Chrome/85.0.4183.121 Safari/537.36"
::1 - - [23/Sep/2020:21:08:56 +0000] "GET /favicon.ico HTTP/1.1" 200 1991 "http://localhost:8000/" "Mozilla/5.0 (Macintosh; Intel Mac OS X 10_15_5) AppleWebKit/537.36 (KHTML, like Gecko) Chrome/85.0.4183.121 Safari/537.36"
::1 - - [23/Sep/2020:21:09:12 +0000] "GET / HTTP/1.1" 304 - "http://localhost:8000/users/profile/" "Mozilla/5.0 (Macintosh; Intel Mac OS X 10_15_5) AppleWebKit/537.36 (KHTML, like Gecko) Chrome/85.0.4183.121 Safari/537.36"
::1 - - [23/Sep/2020:21:09:13 +0000] "GET /css/home.css HTTP/1.1" 304 - "http://localhost:8000/" "Mozilla/5.0 (Macintosh; Intel Mac OS X 10_15_5) AppleWebKit/537.36 (KHTML, like Gecko) Chrome/85.0.4183.121 Safari/537.36"
::1 - - [23/Sep/2020:21:09:13 +0000] "GET /css/blog.css HTTP/1.1" 304 - "http://localhost:8000/" "Mozilla/5.0 (Macintosh; Intel Mac OS X 10_15_5) AppleWebKit/537.36 (KHTML, like Gecko) Chrome/85.0.4183.121 Safari/537.36"
::1 - - [23/Sep/2020:21:09:14 +0000] "GET /favicon.ico HTTP/1.1" 200 1991 "http://localhost:8000/" "Mozilla/5.0 (Macintosh; Intel Mac OS X 10_15_5) AppleWebKit/537.36 (KHTML, like Gecko) Chrome/85.0.4183.121 Safari/537.36"
::1 - - [23/Sep/2020:21:12:19 +0000] "GET / HTTP/1.1" 304 - "http://localhost:8000/users/profile/" "Mozilla/5.0 (Macintosh; Intel Mac OS X 10_15_5) AppleWebKit/537.36 (KHTML, like Gecko) Chrome/85.0.4183.121 Safari/537.36"
::1 - - [23/Sep/2020:21:12:20 +0000] "GET /css/home.css HTTP/1.1" 304 - "http://localhost:8000/" "Mozilla/5.0 (Macintosh; Intel Mac OS X 10_15_5) AppleWebKit/537.36 (KHTML, like Gecko) Chrome/85.0.4183.121 Safari/537.36"
::1 - - [23/Sep/2020:21:12:20 +0000] "GET /css/blog.css HTTP/1.1" 304 - "http://localhost:8000/" "Mozilla/5.0 (Macintosh; Intel Mac OS X 10_15_5) AppleWebKit/537.36 (KHTML, like Gecko) Chrome/85.0.4183.121 Safari/537.36"
::1 - - [23/Sep/2020:21:12:20 +0000] "GET /favicon.ico HTTP/1.1" 200 1991 "http://localhost:8000/" "Mozilla/5.0 (Macintosh; Intel Mac OS X 10_15_5) AppleWebKit/537.36 (KHTML, like Gecko) Chrome/85.0.4183.121 Safari/537.36"
::1 - - [23/Sep/2020:21:12:27 +0000] "GET /users/sign-in HTTP/1.1" 200 2071 "http://localhost:8000/" "Mozilla/5.0 (Macintosh; Intel Mac OS X 10_15_5) AppleWebKit/537.36 (KHTML, like Gecko) Chrome/85.0.4183.121 Safari/537.36"
::1 - - [23/Sep/2020:21:12:29 +0000] "GET /favicon.ico HTTP/1.1" 304 - "http://localhost:8000/users/sign-in" "Mozilla/5.0 (Macintosh; Intel Mac OS X 10_15_5) AppleWebKit/537.36 (KHTML, like Gecko) Chrome/85.0.4183.121 Safari/537.36"
::1 - - [23/Sep/2020:21:12:31 +0000] "GET / HTTP/1.1" 304 - "http://localhost:8000/users/sign-in" "Mozilla/5.0 (Macintosh; Intel Mac OS X 10_15_5) AppleWebKit/537.36 (KHTML, like Gecko) Chrome/85.0.4183.121 Safari/537.36"
::1 - - [23/Sep/2020:21:12:32 +0000] "GET /css/blog.css HTTP/1.1" 304 - "http://localhost:8000/" "Mozilla/5.0 (Macintosh; Intel Mac OS X 10_15_5) AppleWebKit/537.36 (KHTML, like Gecko) Chrome/85.0.4183.121 Safari/537.36"
::1 - - [23/Sep/2020:21:12:32 +0000] "GET /css/home.css HTTP/1.1" 304 - "http://localhost:8000/" "Mozilla/5.0 (Macintosh; Intel Mac OS X 10_15_5) AppleWebKit/537.36 (KHTML, like Gecko) Chrome/85.0.4183.121 Safari/537.36"
::1 - - [23/Sep/2020:21:12:33 +0000] "GET /favicon.ico HTTP/1.1" 304 - "http://localhost:8000/" "Mozilla/5.0 (Macintosh; Intel Mac OS X 10_15_5) AppleWebKit/537.36 (KHTML, like Gecko) Chrome/85.0.4183.121 Safari/537.36"
::1 - - [23/Sep/2020:21:12:51 +0000] "GET / HTTP/1.1" 304 - "http://localhost:8000/users/sign-in" "Mozilla/5.0 (Macintosh; Intel Mac OS X 10_15_5) AppleWebKit/537.36 (KHTML, like Gecko) Chrome/85.0.4183.121 Safari/537.36"
::1 - - [23/Sep/2020:21:12:52 +0000] "GET /css/blog.css HTTP/1.1" 304 - "http://localhost:8000/" "Mozilla/5.0 (Macintosh; Intel Mac OS X 10_15_5) AppleWebKit/537.36 (KHTML, like Gecko) Chrome/85.0.4183.121 Safari/537.36"
::1 - - [23/Sep/2020:21:12:52 +0000] "GET /css/home.css HTTP/1.1" 304 - "http://localhost:8000/" "Mozilla/5.0 (Macintosh; Intel Mac OS X 10_15_5) AppleWebKit/537.36 (KHTML, like Gecko) Chrome/85.0.4183.121 Safari/537.36"
::1 - - [23/Sep/2020:21:12:53 +0000] "GET /favicon.ico HTTP/1.1" 200 1991 "http://localhost:8000/" "Mozilla/5.0 (Macintosh; Intel Mac OS X 10_15_5) AppleWebKit/537.36 (KHTML, like Gecko) Chrome/85.0.4183.121 Safari/537.36"
::1 - - [23/Sep/2020:21:12:56 +0000] "GET /users/sign-up HTTP/1.1" 200 2277 "http://localhost:8000/" "Mozilla/5.0 (Macintosh; Intel Mac OS X 10_15_5) AppleWebKit/537.36 (KHTML, like Gecko) Chrome/85.0.4183.121 Safari/537.36"
::1 - - [23/Sep/2020:21:12:57 +0000] "GET /favicon.ico HTTP/1.1" 304 - "http://localhost:8000/users/sign-up" "Mozilla/5.0 (Macintosh; Intel Mac OS X 10_15_5) AppleWebKit/537.36 (KHTML, like Gecko) Chrome/85.0.4183.121 Safari/537.36"
::1 - - [23/Sep/2020:21:12:58 +0000] "GET /users/sign-in HTTP/1.1" 304 - "http://localhost:8000/users/sign-up" "Mozilla/5.0 (Macintosh; Intel Mac OS X 10_15_5) AppleWebKit/537.36 (KHTML, like Gecko) Chrome/85.0.4183.121 Safari/537.36"
::1 - - [23/Sep/2020:21:12:59 +0000] "GET /favicon.ico HTTP/1.1" 304 - "http://localhost:8000/users/sign-in" "Mozilla/5.0 (Macintosh; Intel Mac OS X 10_15_5) AppleWebKit/537.36 (KHTML, like Gecko) Chrome/85.0.4183.121 Safari/537.36"
::1 - - [23/Sep/2020:21:13:00 +0000] "GET /users/sign-up HTTP/1.1" 304 - "http://localhost:8000/users/sign-in" "Mozilla/5.0 (Macintosh; Intel Mac OS X 10_15_5) AppleWebKit/537.36 (KHTML, like Gecko) Chrome/85.0.4183.121 Safari/537.36"
::1 - - [23/Sep/2020:21:13:01 +0000] "GET /favicon.ico HTTP/1.1" 304 - "http://localhost:8000/users/sign-up" "Mozilla/5.0 (Macintosh; Intel Mac OS X 10_15_5) AppleWebKit/537.36 (KHTML, like Gecko) Chrome/85.0.4183.121 Safari/537.36"
::1 - - [23/Sep/2020:21:13:02 +0000] "GET /users/sign-in HTTP/1.1" 304 - "http://localhost:8000/users/sign-up" "Mozilla/5.0 (Macintosh; Intel Mac OS X 10_15_5) AppleWebKit/537.36 (KHTML, like Gecko) Chrome/85.0.4183.121 Safari/537.36"
::1 - - [23/Sep/2020:21:13:03 +0000] "GET /favicon.ico HTTP/1.1" 304 - "http://localhost:8000/users/sign-in" "Mozilla/5.0 (Macintosh; Intel Mac OS X 10_15_5) AppleWebKit/537.36 (KHTML, like Gecko) Chrome/85.0.4183.121 Safari/537.36"
::1 - - [23/Sep/2020:21:13:05 +0000] "GET /users/sign-up HTTP/1.1" 304 - "http://localhost:8000/users/sign-in" "Mozilla/5.0 (Macintosh; Intel Mac OS X 10_15_5) AppleWebKit/537.36 (KHTML, like Gecko) Chrome/85.0.4183.121 Safari/537.36"
::1 - - [23/Sep/2020:21:13:05 +0000] "GET /favicon.ico HTTP/1.1" 304 - "http://localhost:8000/users/sign-up" "Mozilla/5.0 (Macintosh; Intel Mac OS X 10_15_5) AppleWebKit/537.36 (KHTML, like Gecko) Chrome/85.0.4183.121 Safari/537.36"
::1 - - [23/Sep/2020:21:13:06 +0000] "GET /users/sign-in HTTP/1.1" 304 - "http://localhost:8000/users/sign-up" "Mozilla/5.0 (Macintosh; Intel Mac OS X 10_15_5) AppleWebKit/537.36 (KHTML, like Gecko) Chrome/85.0.4183.121 Safari/537.36"
::1 - - [23/Sep/2020:21:13:07 +0000] "GET /favicon.ico HTTP/1.1" 304 - "http://localhost:8000/users/sign-in" "Mozilla/5.0 (Macintosh; Intel Mac OS X 10_15_5) AppleWebKit/537.36 (KHTML, like Gecko) Chrome/85.0.4183.121 Safari/537.36"
::1 - - [23/Sep/2020:21:13:14 +0000] "POST /users/create-session HTTP/1.1" 302 72 "http://localhost:8000/users/sign-in" "Mozilla/5.0 (Macintosh; Intel Mac OS X 10_15_5) AppleWebKit/537.36 (KHTML, like Gecko) Chrome/85.0.4183.121 Safari/537.36"
::1 - - [23/Sep/2020:21:13:14 +0000] "GET /users/profile HTTP/1.1" 302 72 "http://localhost:8000/users/sign-in" "Mozilla/5.0 (Macintosh; Intel Mac OS X 10_15_5) AppleWebKit/537.36 (KHTML, like Gecko) Chrome/85.0.4183.121 Safari/537.36"
::1 - - [23/Sep/2020:21:13:15 +0000] "GET /users/sign-in HTTP/1.1" 302 72 "http://localhost:8000/users/sign-in" "Mozilla/5.0 (Macintosh; Intel Mac OS X 10_15_5) AppleWebKit/537.36 (KHTML, like Gecko) Chrome/85.0.4183.121 Safari/537.36"
::1 - - [23/Sep/2020:21:13:16 +0000] "GET /users/profile HTTP/1.1" 200 2598 "http://localhost:8000/users/sign-in" "Mozilla/5.0 (Macintosh; Intel Mac OS X 10_15_5) AppleWebKit/537.36 (KHTML, like Gecko) Chrome/85.0.4183.121 Safari/537.36"
::1 - - [23/Sep/2020:21:13:16 +0000] "GET /favicon.ico HTTP/1.1" 200 2158 "http://localhost:8000/users/profile" "Mozilla/5.0 (Macintosh; Intel Mac OS X 10_15_5) AppleWebKit/537.36 (KHTML, like Gecko) Chrome/85.0.4183.121 Safari/537.36"
::1 - - [23/Sep/2020:21:13:28 +0000] "POST /blog/create HTTP/1.1" 302 72 "http://localhost:8000/users/profile" "Mozilla/5.0 (Macintosh; Intel Mac OS X 10_15_5) AppleWebKit/537.36 (KHTML, like Gecko) Chrome/85.0.4183.121 Safari/537.36"
::1 - - [23/Sep/2020:21:13:29 +0000] "GET /users/profile HTTP/1.1" 200 2980 "http://localhost:8000/users/profile" "Mozilla/5.0 (Macintosh; Intel Mac OS X 10_15_5) AppleWebKit/537.36 (KHTML, like Gecko) Chrome/85.0.4183.121 Safari/537.36"
::1 - - [23/Sep/2020:21:13:30 +0000] "GET /css/blog.css HTTP/1.1" 200 2879 "http://localhost:8000/users/profile" "Mozilla/5.0 (Macintosh; Intel Mac OS X 10_15_5) AppleWebKit/537.36 (KHTML, like Gecko) Chrome/85.0.4183.121 Safari/537.36"
::1 - - [23/Sep/2020:21:13:30 +0000] "GET /favicon.ico HTTP/1.1" 200 2622 "http://localhost:8000/users/profile" "Mozilla/5.0 (Macintosh; Intel Mac OS X 10_15_5) AppleWebKit/537.36 (KHTML, like Gecko) Chrome/85.0.4183.121 Safari/537.36"
::1 - - [23/Sep/2020:21:14:30 +0000] "GET /users/profile HTTP/1.1" 304 - "http://localhost:8000/users/profile" "Mozilla/5.0 (Macintosh; Intel Mac OS X 10_15_5) AppleWebKit/537.36 (KHTML, like Gecko) Chrome/85.0.4183.121 Safari/537.36"
::1 - - [23/Sep/2020:21:14:30 +0000] "GET /css/blog.css HTTP/1.1" 200 2622 "http://localhost:8000/users/profile" "Mozilla/5.0 (Macintosh; Intel Mac OS X 10_15_5) AppleWebKit/537.36 (KHTML, like Gecko) Chrome/85.0.4183.121 Safari/537.36"
::1 - - [23/Sep/2020:21:14:31 +0000] "GET /favicon.ico HTTP/1.1" 200 2622 "http://localhost:8000/users/profile" "Mozilla/5.0 (Macintosh; Intel Mac OS X 10_15_5) AppleWebKit/537.36 (KHTML, like Gecko) Chrome/85.0.4183.121 Safari/537.36"
::1 - - [23/Sep/2020:21:14:38 +0000] "GET / HTTP/1.1" 200 2622 "http://localhost:8000/users/profile" "Mozilla/5.0 (Macintosh; Intel Mac OS X 10_15_5) AppleWebKit/537.36 (KHTML, like Gecko) Chrome/85.0.4183.121 Safari/537.36"
::1 - - [23/Sep/2020:21:14:39 +0000] "GET /css/home.css HTTP/1.1" 200 2622 "http://localhost:8000/" "Mozilla/5.0 (Macintosh; Intel Mac OS X 10_15_5) AppleWebKit/537.36 (KHTML, like Gecko) Chrome/85.0.4183.121 Safari/537.36"
::1 - - [23/Sep/2020:21:14:39 +0000] "GET /css/blog.css HTTP/1.1" 304 - "http://localhost:8000/" "Mozilla/5.0 (Macintosh; Intel Mac OS X 10_15_5) AppleWebKit/537.36 (KHTML, like Gecko) Chrome/85.0.4183.121 Safari/537.36"
::1 - - [23/Sep/2020:21:14:40 +0000] "GET /favicon.ico HTTP/1.1" 304 - "http://localhost:8000/" "Mozilla/5.0 (Macintosh; Intel Mac OS X 10_15_5) AppleWebKit/537.36 (KHTML, like Gecko) Chrome/85.0.4183.121 Safari/537.36"
::1 - - [23/Sep/2020:21:15:36 +0000] "GET / HTTP/1.1" 200 2655 "http://localhost:8000/users/profile" "Mozilla/5.0 (Macintosh; Intel Mac OS X 10_15_5) AppleWebKit/537.36 (KHTML, like Gecko) Chrome/85.0.4183.121 Safari/537.36"
::1 - - [23/Sep/2020:21:15:37 +0000] "GET /favicon.ico HTTP/1.1" 200 2655 "http://localhost:8000/" "Mozilla/5.0 (Macintosh; Intel Mac OS X 10_15_5) AppleWebKit/537.36 (KHTML, like Gecko) Chrome/85.0.4183.121 Safari/537.36"
::1 - - [23/Sep/2020:21:15:42 +0000] "GET /users/profile/ HTTP/1.1" 200 2991 "http://localhost:8000/" "Mozilla/5.0 (Macintosh; Intel Mac OS X 10_15_5) AppleWebKit/537.36 (KHTML, like Gecko) Chrome/85.0.4183.121 Safari/537.36"
::1 - - [23/Sep/2020:21:15:43 +0000] "GET /favicon.ico HTTP/1.1" 304 - "http://localhost:8000/users/profile/" "Mozilla/5.0 (Macintosh; Intel Mac OS X 10_15_5) AppleWebKit/537.36 (KHTML, like Gecko) Chrome/85.0.4183.121 Safari/537.36"
